2024-12-30 00:09:16 - INFO - API anahtarlarý kontrol ediliyor...
2024-12-30 00:09:16 - INFO - Consumer Key: rbe0Z...
2024-12-30 00:09:16 - INFO - Access Token: 72964...
2024-12-30 00:09:16 - INFO - Twitter Client baþarýyla oluþturuldu
2024-12-30 00:09:16 - INFO - Twitter API v1.1 baðlantýsý baþarýlý
2024-12-30 00:09:16 - INFO - API anahtarlarý kontrol ediliyor...
2024-12-30 00:09:16 - INFO - Consumer Key: rbe0Z...
2024-12-30 00:09:16 - INFO - Access Token: 72964...
2024-12-30 00:09:16 - INFO - Twitter Client baþarýyla oluþturuldu
2024-12-30 00:09:16 - INFO - Twitter API v1.1 baðlantýsý baþarýlý
2024-12-30 00:09:19 - INFO - Bot baþlatýldý - Mod: Tweet gönderme
2024-12-30 00:09:19 - INFO - Gönderilecek tweet: Bu benim ilk test tweet'im
2024-12-30 00:09:19 - INFO - Twitter API v2 ile tweet gönderiliyor...
2024-12-30 00:09:19 - ERROR - V2 API ile tweet gönderilemedi. Hata detayý: 401 Unauthorized
Unauthorized
2024-12-30 00:09:19 - INFO - V1.1 API denenecek...
2024-12-30 00:09:19 - INFO - Twitter API v1.1 ile tweet gönderiliyor...
2024-12-30 00:09:20 - ERROR - V1.1 API ile tweet gönderilemedi. Hata detayý: 401 Unauthorized
32 - Could not authenticate you.
2024-12-30 00:25:51 - INFO - API anahtarlarý kontrol ediliyor...
2024-12-30 00:25:51 - INFO - Consumer Key: tdGNz...
2024-12-30 00:25:51 - INFO - Access Token: 72964...
2024-12-30 00:25:51 - INFO - Twitter Client oluþturuluyor...
2024-12-30 00:25:51 - INFO - Baðlantý test ediliyor...
2024-12-30 00:25:51 - ERROR - Twitter Client oluþturulurken beklenmeyen hata: 429 Too Many Requests
Too Many Requests
2024-12-30 00:27:07 - INFO - API anahtarlarý kontrol ediliyor...
2024-12-30 00:27:07 - INFO - Consumer Key: rbe0Z...
2024-12-30 00:27:07 - INFO - Access Token: 72964...
2024-12-30 00:27:07 - INFO - Twitter Client oluþturuluyor...
2024-12-30 00:27:07 - INFO - Baðlantý test ediliyor...
2024-12-30 00:27:07 - ERROR - Yetkilendirme hatasý: 401 Unauthorized
Unauthorized
2024-12-30 00:27:07 - ERROR - API anahtarlarýnýzý kontrol edin ve uygulamanýn yetkilerinin doðru olduðundan emin olun
2024-12-30 00:28:34 - INFO - API anahtarlarý kontrol ediliyor...
2024-12-30 00:28:34 - INFO - Consumer Key: tdGNz...
2024-12-30 00:28:34 - INFO - Access Token: 72964...
2024-12-30 00:28:34 - INFO - Baðlantý test ediliyor...
2024-12-30 00:28:34 - INFO - Baðlantý baþarýlý! Kullanýcý: @Kadir_engineer
2024-12-30 00:28:34 - INFO - API anahtarlarý kontrol ediliyor...
2024-12-30 00:28:34 - INFO - Consumer Key: tdGNz...
2024-12-30 00:28:34 - INFO - Access Token: 72964...
2024-12-30 00:28:34 - INFO - Baðlantý test ediliyor...
2024-12-30 00:28:34 - INFO - Baðlantý baþarýlý! Kullanýcý: @Kadir_engineer
2024-12-30 00:28:40 - INFO - API anahtarlarý kontrol ediliyor...
2024-12-30 00:28:40 - INFO - Consumer Key: rbe0Z...
2024-12-30 00:28:40 - INFO - Access Token: 72964...
2024-12-30 00:28:40 - INFO - Baðlantý test ediliyor...
2024-12-30 00:28:40 - ERROR - Yetkilendirme hatasý: 401 Unauthorized
32 - Could not authenticate you.
2024-12-30 00:28:40 - ERROR - API anahtarlarýnýzý kontrol edin ve uygulamanýn yetkilerinin doðru olduðundan emin olun
2024-12-30 00:30:06 - INFO - API anahtarlarý kontrol ediliyor...
2024-12-30 00:30:06 - INFO - Consumer Key: tdGNz...
2024-12-30 00:30:06 - INFO - Access Token: 72964...
2024-12-30 00:30:06 - INFO - Baðlantý test ediliyor...
2024-12-30 00:30:06 - INFO - Baðlantý baþarýlý! Kullanýcý: @Kadir_engineer
2024-12-30 00:30:06 - INFO - API anahtarlarý kontrol ediliyor...
2024-12-30 00:30:06 - INFO - Consumer Key: tdGNz...
2024-12-30 00:30:06 - INFO - Access Token: 72964...
2024-12-30 00:30:06 - INFO - Baðlantý test ediliyor...
2024-12-30 00:30:06 - INFO - Baðlantý baþarýlý! Kullanýcý: @Kadir_engineer
2024-12-30 00:30:08 - INFO - Program kullanýcý tarafýndan sonlandýrýldý
2024-12-30 00:30:10 - INFO - API anahtarlarý kontrol ediliyor...
2024-12-30 00:30:10 - INFO - Consumer Key: rbe0Z...
2024-12-30 00:30:10 - INFO - Access Token: 72964...
2024-12-30 00:30:10 - INFO - Baðlantý test ediliyor...
2024-12-30 00:30:10 - ERROR - Yetkilendirme hatasý: 401 Unauthorized
32 - Could not authenticate you.
2024-12-30 00:30:10 - ERROR - API anahtarlarýnýzý kontrol edin ve uygulamanýn yetkilerinin doðru olduðundan emin olun
2024-12-30 00:30:10 - ERROR - Kritik hata oluþtu: 401 Unauthorized
32 - Could not authenticate you.
2024-12-30 00:39:40 - INFO - API anahtarlarý kontrol ediliyor...
2024-12-30 00:39:40 - INFO - Consumer Key: tdGNz...
2024-12-30 00:39:40 - INFO - Access Token: 72964...
2024-12-30 00:39:40 - INFO - Baðlantý test ediliyor...
2024-12-30 00:39:41 - INFO - Baðlantý baþarýlý! Kullanýcý: @Kadir_engineer
2024-12-30 00:39:41 - INFO - API anahtarlarý kontrol ediliyor...
2024-12-30 00:39:41 - INFO - Consumer Key: tdGNz...
2024-12-30 00:39:41 - INFO - Access Token: 72964...
2024-12-30 00:39:41 - INFO - Baðlantý test ediliyor...
2024-12-30 00:39:41 - INFO - Baðlantý baþarýlý! Kullanýcý: @Kadir_engineer
2024-12-30 00:39:44 - INFO - Program kullanýcý tarafýndan sonlandýrýldý
2024-12-30 00:39:50 - INFO - API anahtarlarý kontrol ediliyor...
2024-12-30 00:39:50 - INFO - Consumer Key: tdGNz...
2024-12-30 00:39:50 - INFO - Access Token: 72964...
2024-12-30 00:39:50 - INFO - Baðlantý test ediliyor...
2024-12-30 00:39:51 - INFO - Baðlantý baþarýlý! Kullanýcý: @Kadir_engineer
2024-12-30 00:39:51 - INFO - API anahtarlarý kontrol ediliyor...
2024-12-30 00:39:51 - INFO - Consumer Key: tdGNz...
2024-12-30 00:39:51 - INFO - Access Token: 72964...
2024-12-30 00:39:51 - INFO - Baðlantý test ediliyor...
2024-12-30 00:39:51 - INFO - Baðlantý baþarýlý! Kullanýcý: @Kadir_engineer
2024-12-30 00:41:59 - INFO - Program kullanýcý tarafýndan sonlandýrýldý
2024-12-30 00:42:02 - INFO - API anahtarlarý kontrol ediliyor...
2024-12-30 00:42:02 - INFO - Consumer Key: tdGNz...
2024-12-30 00:42:02 - INFO - Access Token: 72964...
2024-12-30 00:42:02 - INFO - Baðlantý test ediliyor...
2024-12-30 00:42:02 - INFO - Baðlantý baþarýlý! Kullanýcý: @Kadir_engineer
2024-12-30 00:42:02 - INFO - API anahtarlarý kontrol ediliyor...
2024-12-30 00:42:02 - INFO - Consumer Key: tdGNz...
2024-12-30 00:42:02 - INFO - Access Token: 72964...
2024-12-30 00:42:02 - INFO - Baðlantý test ediliyor...
2024-12-30 00:42:03 - INFO - Baðlantý baþarýlý! Kullanýcý: @Kadir_engineer
2024-12-30 00:42:05 - INFO - API anahtarlarý kontrol ediliyor...
2024-12-30 00:42:05 - INFO - Consumer Key: tdGNz...
2024-12-30 00:42:05 - INFO - Access Token: 72964...
2024-12-30 00:42:05 - INFO - Baðlantý test ediliyor...
2024-12-30 00:42:05 - INFO - Baðlantý baþarýlý! Kullanýcý: @Kadir_engineer
2024-12-30 00:42:05 - INFO - API anahtarlarý kontrol ediliyor...
2024-12-30 00:42:05 - INFO - Consumer Key: tdGNz...
2024-12-30 00:42:05 - INFO - Access Token: 72964...
2024-12-30 00:42:05 - INFO - Baðlantý test ediliyor...
2024-12-30 00:42:06 - INFO - Baðlantý baþarýlý! Kullanýcý: @Kadir_engineer
2024-12-30 00:42:39 - INFO - API anahtarlarý kontrol ediliyor...
2024-12-30 00:42:39 - INFO - Consumer Key: tdGNz...
2024-12-30 00:42:39 - INFO - Access Token: 72964...
2024-12-30 00:42:39 - INFO - Baðlantý test ediliyor...
2024-12-30 00:42:39 - INFO - Baðlantý baþarýlý! Kullanýcý: @Kadir_engineer
2024-12-30 00:42:39 - INFO - API anahtarlarý kontrol ediliyor...
2024-12-30 00:42:39 - INFO - Consumer Key: tdGNz...
2024-12-30 00:42:39 - INFO - Access Token: 72964...
2024-12-30 00:42:39 - INFO - Baðlantý test ediliyor...
2024-12-30 00:42:40 - INFO - Baðlantý baþarýlý! Kullanýcý: @Kadir_engineer
